d:\loki-hidriver-master\kmdfdriver\x64\release\vc142.pdb
d:\loki-hidriver-master\kmdfdriver\x64\release\memory.obj
d:\loki-hidriver-master\kmdfdriver\x64\release\queue_manual.obj
d:\loki-hidriver-master\kmdfdriver\x64\release\queue_default.obj
d:\loki-hidriver-master\kmdfdriver\x64\release\device.obj
d:\loki-hidriver-master\kmdfdriver\x64\release\driver.obj
d:\loki-hidriver-master\x64\release\hidriver\hidriver.cat
d:\loki-hidriver-master\x64\release\hidriver.sys
d:\loki-hidriver-master\x64\release\hidriver.pdb
d:\loki-hidriver-master\kmdfdriver\x64\release\hidriver.inf
d:\loki-hidriver-master\x64\release\hidriver.cer
d:\loki-hidriver-master\x64\release\hidriver.inf
d:\loki-hidriver-master\hidriver\x64\release\device.obj
d:\loki-hidriver-master\hidriver\x64\release\driver.obj
d:\loki-hidriver-master\hidriver\x64\release\memory.obj
d:\loki-hidriver-master\hidriver\x64\release\queue_default.obj
d:\loki-hidriver-master\hidriver\x64\release\queue_manual.obj
d:\loki-hidriver-master\hidriver\x64\release\vc142.pdb
d:\loki-hidriver-master\hidriver\x64\release\hidriver.tlog\cl.command.1.tlog
d:\loki-hidriver-master\hidriver\x64\release\hidriver.tlog\cl.read.1.tlog
d:\loki-hidriver-master\hidriver\x64\release\hidriver.tlog\cl.write.1.tlog
d:\loki-hidriver-master\hidriver\x64\release\hidriver.tlog\inf2cat-expand.14088.read.1.tlog
d:\loki-hidriver-master\hidriver\x64\release\hidriver.tlog\inf2cat-expand.14088.write.1.tlog
d:\loki-hidriver-master\hidriver\x64\release\hidriver.tlog\inf2cat-expand.8832.read.1.tlog
d:\loki-hidriver-master\hidriver\x64\release\hidriver.tlog\inf2cat-expand.8832.write.1.tlog
d:\loki-hidriver-master\hidriver\x64\release\hidriver.tlog\inf2cat-expand.read.1.tlog
d:\loki-hidriver-master\hidriver\x64\release\hidriver.tlog\inf2cat-expand.write.1.tlog
d:\loki-hidriver-master\hidriver\x64\release\hidriver.tlog\inf2cat.command.1.tlog
d:\loki-hidriver-master\hidriver\x64\release\hidriver.tlog\inf2cat.read.1.tlog
d:\loki-hidriver-master\hidriver\x64\release\hidriver.tlog\inf2cat.write.1.tlog
d:\loki-hidriver-master\hidriver\x64\release\hidriver.tlog\link.command.1.tlog
d:\loki-hidriver-master\hidriver\x64\release\hidriver.tlog\link.read.1.tlog
d:\loki-hidriver-master\hidriver\x64\release\hidriver.tlog\link.write.1.tlog
d:\loki-hidriver-master\hidriver\x64\release\hidriver.tlog\signtool.command.1.tlog
d:\loki-hidriver-master\hidriver\x64\release\hidriver.tlog\signtool.read.1.tlog
d:\loki-hidriver-master\hidriver\x64\release\hidriver.tlog\signtool.timestamp.1.tlog
d:\loki-hidriver-master\hidriver\x64\release\hidriver.tlog\signtool.write.1.tlog
d:\loki-hidriver-master\hidriver\x64\release\hidriver.tlog\stampinf.command.1.tlog
d:\loki-hidriver-master\hidriver\x64\release\hidriver.tlog\stampinf.read.1.tlog
d:\loki-hidriver-master\hidriver\x64\release\hidriver.tlog\stampinf.write.1.tlog
